Unity Editor version:    6000.0.23f1 (1c4764c07fb4)
Branch:                  6000.0/staging
Build type:              Release
Batch mode:              YES
macOS version:           Version 14.5 (Build 23F79)
Darwin version:          23.5.0
Architecture:            arm64
Running under Rosetta:   NO
Available memory:        16384 MB
Using pre-set license
Pro License: YES

COMMAND LINE ARGUMENTS:
/Applications/Unity/Hub/Editor/6000.0.23f1/Unity.app/Contents/MacOS/Unity
-adb2
-batchMode
-noUpm
-name
AssetImportWorker1
-projectPath
/Users/dandragos/Documents/GitHub/Proiect-Unity
-logFile
Logs/AssetImportWorker1.log
-srvPort
61722
-job-worker-count
4
-background-job-worker-count
8
-asset-garbage-collectors
1
Successfully changed project path to: /Users/dandragos/Documents/GitHub/Proiect-Unity
/Users/dandragos/Documents/GitHub/Proiect-Unity
[UnityMemory] Configuration Parameters - Can be set up in boot.config
    "memorysetup-bucket-allocator-granularity=16"
    "memorysetup-bucket-allocator-bucket-count=8"
    "memorysetup-bucket-allocator-block-size=33554432"
    "memorysetup-bucket-allocator-block-count=8"
    "memorysetup-main-allocator-block-size=16777216"
    "memorysetup-thread-allocator-block-size=16777216"
    "memorysetup-gfx-main-allocator-block-size=16777216"
    "memorysetup-gfx-thread-allocator-block-size=16777216"
    "memorysetup-cache-allocator-block-size=4194304"
    "memorysetup-typetree-allocator-block-size=2097152"
    "memorysetup-profiler-bucket-allocator-granularity=16"
    "memorysetup-profiler-bucket-allocator-bucket-count=8"
    "memorysetup-profiler-bucket-allocator-block-size=33554432"
    "memorysetup-profiler-bucket-allocator-block-count=8"
    "memorysetup-profiler-allocator-block-size=16777216"
    "memorysetup-profiler-editor-allocator-block-size=1048576"
    "memorysetup-temp-allocator-size-main=16777216"
    "memorysetup-job-temp-allocator-block-size=2097152"
    "memorysetup-job-temp-allocator-block-size-background=1048576"
    "memorysetup-job-temp-allocator-reduction-small-platforms=262144"
    "memorysetup-allocator-temp-initial-block-size-main=262144"
    "memorysetup-allocator-temp-initial-block-size-worker=262144"
    "memorysetup-temp-allocator-size-background-worker=32768"
    "memorysetup-temp-allocator-size-job-worker=262144"
    "memorysetup-temp-allocator-size-preload-manager=33554432"
    "memorysetup-temp-allocator-size-nav-mesh-worker=65536"
    "memorysetup-temp-allocator-size-audio-worker=65536"
    "memorysetup-temp-allocator-size-cloud-worker=32768"
    "memorysetup-temp-allocator-size-gi-baking-worker=262144"
    "memorysetup-temp-allocator-size-gi-baking-worker=262144"
    "memorysetup-temp-allocator-size-gi-baking-worker=262144"
    "memorysetup-temp-allocator-size-gi-baking-worker=262144"
    "memorysetup-temp-allocator-size-gi-baking-worker=262144"
    "memorysetup-temp-allocator-size-gfx=262144"
Player connection [8515177472]  Target information:

Player connection [8515177472]  * "[IP] 192.168.1.217 [Port] 0 [Flags] 2 [Guid] 1924994958 [EditorId] 1924994958 [Version] 1048832 [Id] OSXEditor(0,MacBook-Pro-Dan.local) [Debug] 1 [PackageName] OSXEditor [ProjectName] Editor" 

Player connection [8515177472] Host joined multi-casting on [225.0.0.222:54997]...
Player connection [8515177472] Host joined alternative multi-casting on [225.0.0.222:34997]...
JobSystem: Creating JobQueue using job-worker-count value 4
[Physics::Module] Initialized fallback backend.
[Physics::Module] Id: 0xdecafbad
Library Redirect Path: Library/
[Physics::Module] Selected backend.
[Physics::Module] Name: PhysX
[Physics::Module] Id: 0xf2b8ea05
[Physics::Module] SDK Version: 4.1.2
[Physics::Module] Integration Version: 1.0.0
[Physics::Module] Threading Mode: Multi-Threaded
Refreshing native plugins compatible for Editor in 2.55 ms, found 2 plugins.
Preloading 0 native plugins for Editor in 0.00 ms.
Initialize engine version: 6000.0.23f1 (1c4764c07fb4)
[Subsystems] Discovering subsystems at path /Applications/Unity/Hub/Editor/6000.0.23f1/Unity.app/Contents/Resources/UnitySubsystems
[Subsystems] Discovering subsystems at path /Users/dandragos/Documents/GitHub/Proiect-Unity/Assets
GfxDevice: creating device client; kGfxThreadingModeNonThreaded
 preferred device: Apple M1 Pro (high power)
Metal devices available: 1
0: Apple M1 Pro (high power)
Using device Apple M1 Pro (high power)
Initializing Metal device caps: Apple M1 Pro
Initialize mono
Mono path[0] = '/Applications/Unity/Hub/Editor/6000.0.23f1/Unity.app/Contents/Managed'
Mono path[1] = '/Applications/Unity/Hub/Editor/6000.0.23f1/Unity.app/Contents/MonoBleedingEdge/lib/mono/unityjit-macos'
Mono config path = '/Applications/Unity/Hub/Editor/6000.0.23f1/Unity.app/Contents/MonoBleedingEdge/etc'
Using monoOptions --debugger-agent=transport=dt_socket,embedding=1,server=y,suspend=n,address=127.0.0.1:56202
Begin MonoManager ReloadAssembly
Registering precompiled unity dll's ...
Register platform support module: /Applications/Unity/Hub/Editor/6000.0.23f1/Unity.app/Contents/PlaybackEngines/MacStandaloneSupport/UnityEditor.OSXStandalone.Extensions.dll
Register platform support module: /Applications/Unity/Hub/Editor/6000.0.23f1/PlaybackEngines/WindowsStandaloneSupport/UnityEditor.WindowsStandalone.Extensions.dll
Registered in 0.000822 seconds.
- Loaded All Assemblies, in  0.333 seconds
Native extension for WindowsStandalone target not found
Native extension for OSXStandalone target not found
Mono: successfully reloaded assembly
- Finished resetting the current domain, in  0.473 seconds
Domain Reload Profiling: 806ms
	BeginReloadAssembly (115ms)
		ExecutionOrderSort (0ms)
		DisableScriptedObjects (0ms)
		BackupInstance (0ms)
		ReleaseScriptingObjects (0ms)
		CreateAndSetChildDomain (0ms)
	RebuildCommonClasses (34ms)
	RebuildNativeTypeToScriptingClass (11ms)
	initialDomainReloadingComplete (34ms)
	LoadAllAssembliesAndSetupDomain (139ms)
		LoadAssemblies (114ms)
		RebuildTransferFunctionScriptingTraits (0ms)
		AnalyzeDomain (137ms)
			TypeCache.Refresh (136ms)
				TypeCache.ScanAssembly (124ms)
			BuildScriptInfoCaches (0ms)
			ResolveRequiredComponents (0ms)
	FinalizeReload (473ms)
		ReleaseScriptCaches (0ms)
		RebuildScriptCaches (0ms)
		SetupLoadedEditorAssemblies (434ms)
			LogAssemblyErrors (0ms)
			InitializePlatformSupportModulesInManaged (34ms)
			SetLoadedEditorAssemblies (4ms)
			BeforeProcessingInitializeOnLoad (5ms)
			ProcessInitializeOnLoadAttributes (234ms)
			ProcessInitializeOnLoadMethodAttributes (138ms)
			AfterProcessingInitializeOnLoad (19ms)
			EditorAssembliesLoaded (0ms)
		ExecutionOrderSort2 (0ms)
		AwakeInstancesAfterBackupRestoration (0ms)
========================================================================
Worker process is ready to serve import requests
Import Worker Mode flag is 0x00
Begin MonoManager ReloadAssembly
- Loaded All Assemblies, in  0.884 seconds
Refreshing native plugins compatible for Editor in 0.24 ms, found 2 plugins.
Native extension for WindowsStandalone target not found
Native extension for OSXStandalone target not found
Mono: successfully reloaded assembly
- Finished resetting the current domain, in  0.778 seconds
Domain Reload Profiling: 1662ms
	BeginReloadAssembly (394ms)
		ExecutionOrderSort (0ms)
		DisableScriptedObjects (4ms)
		BackupInstance (0ms)
		ReleaseScriptingObjects (0ms)
		CreateAndSetChildDomain (29ms)
	RebuildCommonClasses (36ms)
	RebuildNativeTypeToScriptingClass (11ms)
	initialDomainReloadingComplete (27ms)
	LoadAllAssembliesAndSetupDomain (415ms)
		LoadAssemblies (234ms)
		RebuildTransferFunctionScriptingTraits (0ms)
		AnalyzeDomain (219ms)
			TypeCache.Refresh (167ms)
				TypeCache.ScanAssembly (148ms)
			BuildScriptInfoCaches (42ms)
			ResolveRequiredComponents (8ms)
	FinalizeReload (778ms)
		ReleaseScriptCaches (0ms)
		RebuildScriptCaches (0ms)
		SetupLoadedEditorAssemblies (592ms)
			LogAssemblyErrors (0ms)
			InitializePlatformSupportModulesInManaged (2ms)
			SetLoadedEditorAssemblies (4ms)
			BeforeProcessingInitializeOnLoad (54ms)
			ProcessInitializeOnLoadAttributes (474ms)
			ProcessInitializeOnLoadMethodAttributes (54ms)
			AfterProcessingInitializeOnLoad (3ms)
			EditorAssembliesLoaded (0ms)
		ExecutionOrderSort2 (0ms)
		AwakeInstancesAfterBackupRestoration (3ms)
Launching external process: /Applications/Unity/Hub/Editor/6000.0.23f1/Unity.app/Contents/Tools/UnityShaderCompiler
Launched and connected shader compiler UnityShaderCompiler after 0.03 seconds
Refreshing native plugins compatible for Editor in 0.32 ms, found 2 plugins.
Preloading 0 native plugins for Editor in 0.00 ms.
Unloading 212 Unused Serialized files (Serialized files now loaded: 0)
Unloading 5901 unused Assets / (5.1 MB). Loaded Objects now: 6698.
Memory consumption went from 181.5 MB to 176.4 MB.
Total: 7.500708 ms (FindLiveObjects: 1.008917 ms CreateObjectMapping: 0.176375 ms MarkObjects: 4.103625 ms  DeleteObjects: 2.211000 ms)

========================================================================
Received Prepare
Begin MonoManager ReloadAssembly
Thread 0x33efb3000 may have been prematurely finalized
- Loaded All Assemblies, in  0.527 seconds
Refreshing native plugins compatible for Editor in 0.24 ms, found 2 plugins.
Native extension for WindowsStandalone target not found
Native extension for OSXStandalone target not found
Mono: successfully reloaded assembly
- Finished resetting the current domain, in  0.809 seconds
Domain Reload Profiling: 1339ms
	BeginReloadAssembly (150ms)
		ExecutionOrderSort (0ms)
		DisableScriptedObjects (4ms)
		BackupInstance (0ms)
		ReleaseScriptingObjects (0ms)
		CreateAndSetChildDomain (60ms)
	RebuildCommonClasses (34ms)
	RebuildNativeTypeToScriptingClass (11ms)
	initialDomainReloadingComplete (25ms)
	LoadAllAssembliesAndSetupDomain (309ms)
		LoadAssemblies (199ms)
		RebuildTransferFunctionScriptingTraits (0ms)
		AnalyzeDomain (162ms)
			TypeCache.Refresh (11ms)
				TypeCache.ScanAssembly (0ms)
			BuildScriptInfoCaches (141ms)
			ResolveRequiredComponents (8ms)
	FinalizeReload (810ms)
		ReleaseScriptCaches (0ms)
		RebuildScriptCaches (0ms)
		SetupLoadedEditorAssemblies (584ms)
			LogAssemblyErrors (0ms)
			InitializePlatformSupportModulesInManaged (2ms)
			SetLoadedEditorAssemblies (4ms)
			BeforeProcessingInitializeOnLoad (51ms)
			ProcessInitializeOnLoadAttributes (486ms)
			ProcessInitializeOnLoadMethodAttributes (37ms)
			AfterProcessingInitializeOnLoad (3ms)
			EditorAssembliesLoaded (0ms)
		ExecutionOrderSort2 (0ms)
		AwakeInstancesAfterBackupRestoration (6ms)
Refreshing native plugins compatible for Editor in 0.47 ms, found 2 plugins.
Preloading 0 native plugins for Editor in 0.00 ms.
Unloading 23 Unused Serialized files (Serialized files now loaded: 0)
Unloading 5897 unused Assets / (4.8 MB). Loaded Objects now: 6712.
Memory consumption went from 170.6 MB to 165.8 MB.
Total: 8.973708 ms (FindLiveObjects: 0.340333 ms CreateObjectMapping: 0.177208 ms MarkObjects: 5.957125 ms  DeleteObjects: 2.498333 ms)

Prepare: number of updated asset objects reloaded= 0
========================================================================
Received Import Request.
  Time since last request: 113161.418505 seconds.
  path: Assets/Assets/Ui/Buttons/buton.png
  artifactKey: Guid(30f1aecfe4357a8469059aecf5902b4a) Importer(815301076,1909f56bfc062723c751e8b465ee728b)
Start importing Assets/Assets/Ui/Buttons/buton.png using Guid(30f1aecfe4357a8469059aecf5902b4a) Importer(815301076,1909f56bfc062723c751e8b465ee728b) (PreviewImporter) -> (artifact id: '387cf7757fe776880d55966565bf30fc') in 0.10065275 seconds
Number of updated asset objects reloaded before import = 0Number of asset objects unloaded after import = 3

========================================================================
Received Prepare
Begin MonoManager ReloadAssembly
Thread 0x31ae07000 may have been prematurely finalized
- Loaded All Assemblies, in  0.489 seconds
Refreshing native plugins compatible for Editor in 0.23 ms, found 2 plugins.
Native extension for WindowsStandalone target not found
Native extension for OSXStandalone target not found
Mono: successfully reloaded assembly
- Finished resetting the current domain, in  0.808 seconds
Domain Reload Profiling: 1299ms
	BeginReloadAssembly (120ms)
		ExecutionOrderSort (0ms)
		DisableScriptedObjects (4ms)
		BackupInstance (0ms)
		ReleaseScriptingObjects (0ms)
		CreateAndSetChildDomain (53ms)
	RebuildCommonClasses (32ms)
	RebuildNativeTypeToScriptingClass (10ms)
	initialDomainReloadingComplete (15ms)
	LoadAllAssembliesAndSetupDomain (314ms)
		LoadAssemblies (194ms)
		RebuildTransferFunctionScriptingTraits (0ms)
		AnalyzeDomain (152ms)
			TypeCache.Refresh (7ms)
				TypeCache.ScanAssembly (0ms)
			BuildScriptInfoCaches (135ms)
			ResolveRequiredComponents (8ms)
	FinalizeReload (808ms)
		ReleaseScriptCaches (0ms)
		RebuildScriptCaches (0ms)
		SetupLoadedEditorAssemblies (597ms)
			LogAssemblyErrors (0ms)
			InitializePlatformSupportModulesInManaged (2ms)
			SetLoadedEditorAssemblies (4ms)
			BeforeProcessingInitializeOnLoad (64ms)
			ProcessInitializeOnLoadAttributes (489ms)
			ProcessInitializeOnLoadMethodAttributes (35ms)
			AfterProcessingInitializeOnLoad (3ms)
			EditorAssembliesLoaded (0ms)
		ExecutionOrderSort2 (0ms)
		AwakeInstancesAfterBackupRestoration (6ms)
Refreshing native plugins compatible for Editor in 0.31 ms, found 2 plugins.
Preloading 0 native plugins for Editor in 0.00 ms.
Unloading 14 Unused Serialized files (Serialized files now loaded: 0)
Unloading 5897 unused Assets / (3.8 MB). Loaded Objects now: 6721.
Memory consumption went from 168.4 MB to 164.6 MB.
Total: 5.945000 ms (FindLiveObjects: 0.291916 ms CreateObjectMapping: 0.155750 ms MarkObjects: 3.997500 ms  DeleteObjects: 1.499292 ms)

Prepare: number of updated asset objects reloaded= 0
========================================================================
Received Prepare
Begin MonoManager ReloadAssembly
Thread 0x16f137000 may have been prematurely finalized
- Loaded All Assemblies, in  0.495 seconds
Refreshing native plugins compatible for Editor in 0.23 ms, found 2 plugins.
Native extension for WindowsStandalone target not found
Native extension for OSXStandalone target not found
Mono: successfully reloaded assembly
- Finished resetting the current domain, in  0.809 seconds
Domain Reload Profiling: 1307ms
	BeginReloadAssembly (122ms)
		ExecutionOrderSort (0ms)
		DisableScriptedObjects (4ms)
		BackupInstance (0ms)
		ReleaseScriptingObjects (0ms)
		CreateAndSetChildDomain (54ms)
	RebuildCommonClasses (32ms)
	RebuildNativeTypeToScriptingClass (10ms)
	initialDomainReloadingComplete (14ms)
	LoadAllAssembliesAndSetupDomain (319ms)
		LoadAssemblies (201ms)
		RebuildTransferFunctionScriptingTraits (0ms)
		AnalyzeDomain (150ms)
			TypeCache.Refresh (7ms)
				TypeCache.ScanAssembly (0ms)
			BuildScriptInfoCaches (133ms)
			ResolveRequiredComponents (8ms)
	FinalizeReload (809ms)
		ReleaseScriptCaches (0ms)
		RebuildScriptCaches (0ms)
		SetupLoadedEditorAssemblies (600ms)
			LogAssemblyErrors (0ms)
			InitializePlatformSupportModulesInManaged (2ms)
			SetLoadedEditorAssemblies (5ms)
			BeforeProcessingInitializeOnLoad (56ms)
			ProcessInitializeOnLoadAttributes (500ms)
			ProcessInitializeOnLoadMethodAttributes (34ms)
			AfterProcessingInitializeOnLoad (3ms)
			EditorAssembliesLoaded (0ms)
		ExecutionOrderSort2 (0ms)
		AwakeInstancesAfterBackupRestoration (6ms)
Refreshing native plugins compatible for Editor in 0.32 ms, found 2 plugins.
Preloading 0 native plugins for Editor in 0.00 ms.
Unloading 14 Unused Serialized files (Serialized files now loaded: 0)
Unloading 5897 unused Assets / (3.9 MB). Loaded Objects now: 6723.
Memory consumption went from 166.8 MB to 162.9 MB.
Total: 6.095209 ms (FindLiveObjects: 0.295750 ms CreateObjectMapping: 0.158208 ms MarkObjects: 4.017541 ms  DeleteObjects: 1.622792 ms)

Prepare: number of updated asset objects reloaded= 0
========================================================================
Received Prepare
Begin MonoManager ReloadAssembly
Thread 0x31ae07000 may have been prematurely finalized
- Loaded All Assemblies, in  0.442 seconds
Refreshing native plugins compatible for Editor in 0.22 ms, found 2 plugins.
Native extension for WindowsStandalone target not found
Native extension for OSXStandalone target not found
Mono: successfully reloaded assembly
- Finished resetting the current domain, in  0.763 seconds
Domain Reload Profiling: 1207ms
	BeginReloadAssembly (112ms)
		ExecutionOrderSort (0ms)
		DisableScriptedObjects (3ms)
		BackupInstance (0ms)
		ReleaseScriptingObjects (0ms)
		CreateAndSetChildDomain (47ms)
	RebuildCommonClasses (33ms)
	RebuildNativeTypeToScriptingClass (10ms)
	initialDomainReloadingComplete (14ms)
	LoadAllAssembliesAndSetupDomain (275ms)
		LoadAssemblies (157ms)
		RebuildTransferFunctionScriptingTraits (0ms)
		AnalyzeDomain (150ms)
			TypeCache.Refresh (6ms)
				TypeCache.ScanAssembly (0ms)
			BuildScriptInfoCaches (133ms)
			ResolveRequiredComponents (7ms)
	FinalizeReload (763ms)
		ReleaseScriptCaches (0ms)
		RebuildScriptCaches (0ms)
		SetupLoadedEditorAssemblies (559ms)
			LogAssemblyErrors (0ms)
			InitializePlatformSupportModulesInManaged (2ms)
			SetLoadedEditorAssemblies (4ms)
			BeforeProcessingInitializeOnLoad (51ms)
			ProcessInitializeOnLoadAttributes (461ms)
			ProcessInitializeOnLoadMethodAttributes (38ms)
			AfterProcessingInitializeOnLoad (3ms)
			EditorAssembliesLoaded (0ms)
		ExecutionOrderSort2 (0ms)
		AwakeInstancesAfterBackupRestoration (7ms)
Refreshing native plugins compatible for Editor in 0.34 ms, found 2 plugins.
Preloading 0 native plugins for Editor in 0.00 ms.
Unloading 14 Unused Serialized files (Serialized files now loaded: 0)
Unloading 5897 unused Assets / (3.9 MB). Loaded Objects now: 6725.
Memory consumption went from 165.1 MB to 161.2 MB.
Total: 6.487708 ms (FindLiveObjects: 0.300750 ms CreateObjectMapping: 0.211333 ms MarkObjects: 4.408209 ms  DeleteObjects: 1.566792 ms)

Prepare: number of updated asset objects reloaded= 0
========================================================================
Received Prepare
Begin MonoManager ReloadAssembly
Thread 0x31ae07000 may have been prematurely finalized
- Loaded All Assemblies, in  0.539 seconds
Refreshing native plugins compatible for Editor in 0.23 ms, found 2 plugins.
Native extension for WindowsStandalone target not found
Native extension for OSXStandalone target not found
Mono: successfully reloaded assembly
- Finished resetting the current domain, in  0.743 seconds
Domain Reload Profiling: 1284ms
	BeginReloadAssembly (157ms)
		ExecutionOrderSort (0ms)
		DisableScriptedObjects (15ms)
		BackupInstance (0ms)
		ReleaseScriptingObjects (0ms)
		CreateAndSetChildDomain (66ms)
	RebuildCommonClasses (33ms)
	RebuildNativeTypeToScriptingClass (10ms)
	initialDomainReloadingComplete (16ms)
	LoadAllAssembliesAndSetupDomain (325ms)
		LoadAssemblies (200ms)
		RebuildTransferFunctionScriptingTraits (0ms)
		AnalyzeDomain (162ms)
			TypeCache.Refresh (12ms)
				TypeCache.ScanAssembly (2ms)
			BuildScriptInfoCaches (140ms)
			ResolveRequiredComponents (8ms)
	FinalizeReload (743ms)
		ReleaseScriptCaches (0ms)
		RebuildScriptCaches (0ms)
		SetupLoadedEditorAssemblies (532ms)
			LogAssemblyErrors (0ms)
			InitializePlatformSupportModulesInManaged (3ms)
			SetLoadedEditorAssemblies (5ms)
			BeforeProcessingInitializeOnLoad (54ms)
			ProcessInitializeOnLoadAttributes (431ms)
			ProcessInitializeOnLoadMethodAttributes (36ms)
			AfterProcessingInitializeOnLoad (3ms)
			EditorAssembliesLoaded (0ms)
		ExecutionOrderSort2 (0ms)
		AwakeInstancesAfterBackupRestoration (7ms)
Refreshing native plugins compatible for Editor in 0.31 ms, found 2 plugins.
Preloading 0 native plugins for Editor in 0.00 ms.
Unloading 14 Unused Serialized files (Serialized files now loaded: 0)
Unloading 5936 unused Assets / (4.4 MB). Loaded Objects now: 6766.
Memory consumption went from 163.6 MB to 159.3 MB.
Total: 5.848667 ms (FindLiveObjects: 0.274000 ms CreateObjectMapping: 0.160584 ms MarkObjects: 4.037917 ms  DeleteObjects: 1.375417 ms)

Prepare: number of updated asset objects reloaded= 0
========================================================================
Received Import Request.
  Time since last request: 1139.007570 seconds.
  path: Assets/Assets/Characters/Main Character/Knight/PromoAnimated2x.gif
  artifactKey: Guid(45b230a9f88f641d284018b21f5654a6) Importer(815301076,1909f56bfc062723c751e8b465ee728b)
Start importing Assets/Assets/Characters/Main Character/Knight/PromoAnimated2x.gif using Guid(45b230a9f88f641d284018b21f5654a6) Importer(815301076,1909f56bfc062723c751e8b465ee728b) (PreviewImporter) -> (artifact id: '012f77a8ea2a2735bcaf9d9462aedfdc') in 0.043375 seconds
Number of updated asset objects reloaded before import = 0Number of asset objects unloaded after import = 2

========================================================================
Received Import Request.
  Time since last request: 4.531204 seconds.
  path: Assets/Assets/Characters/Main Character/Knight/Colour1/NoOutline/120x80_gifs/__Attack2.gif
  artifactKey: Guid(d8b41a64609734344b56cbfa3cc6b8b6) Importer(815301076,1909f56bfc062723c751e8b465ee728b)
Start importing Assets/Assets/Characters/Main Character/Knight/Colour1/NoOutline/120x80_gifs/__Attack2.gif using Guid(d8b41a64609734344b56cbfa3cc6b8b6) Importer(815301076,1909f56bfc062723c751e8b465ee728b) (PreviewImporter) -> (artifact id: '070b88003fb156cfe2754c4043fe3950') in 0.004012583 seconds
Number of updated asset objects reloaded before import = 0Number of asset objects unloaded after import = 2

========================================================================
Received Import Request.
  Time since last request: 0.000049 seconds.
  path: Assets/Assets/Characters/Main Character/Knight/Colour1/NoOutline/120x80_gifs/__Attack2NoMovement.gif
  artifactKey: Guid(b1cc7bdf458e34a339cf2ea29446de71) Importer(815301076,1909f56bfc062723c751e8b465ee728b)
Start importing Assets/Assets/Characters/Main Character/Knight/Colour1/NoOutline/120x80_gifs/__Attack2NoMovement.gif using Guid(b1cc7bdf458e34a339cf2ea29446de71) Importer(815301076,1909f56bfc062723c751e8b465ee728b) (PreviewImporter) -> (artifact id: '2815df5591aa6606bfc422ebe8f77d00') in 0.008250417 seconds
Number of updated asset objects reloaded before import = 0Number of asset objects unloaded after import = 2

========================================================================
Received Import Request.
  Time since last request: 0.000035 seconds.
  path: Assets/Assets/Characters/Main Character/Knight/Colour1/NoOutline/120x80_gifs/__AttackCombo2hit.gif
  artifactKey: Guid(d2dcef3c8716840abbb980c7a2f57069) Importer(815301076,1909f56bfc062723c751e8b465ee728b)
Start importing Assets/Assets/Characters/Main Character/Knight/Colour1/NoOutline/120x80_gifs/__AttackCombo2hit.gif using Guid(d2dcef3c8716840abbb980c7a2f57069) Importer(815301076,1909f56bfc062723c751e8b465ee728b) (PreviewImporter) -> (artifact id: '5ceda72043236b0bce77cc8e58b39697') in 0.004171625 seconds
Number of updated asset objects reloaded before import = 0Number of asset objects unloaded after import = 2

========================================================================
Received Import Request.
  Time since last request: 0.000035 seconds.
  path: Assets/Assets/Characters/Main Character/Knight/Colour1/NoOutline/120x80_gifs/__Dash.gif
  artifactKey: Guid(826877c80cb5c40bb8bd3fbd0093c9dc) Importer(815301076,1909f56bfc062723c751e8b465ee728b)
Start importing Assets/Assets/Characters/Main Character/Knight/Colour1/NoOutline/120x80_gifs/__Dash.gif using Guid(826877c80cb5c40bb8bd3fbd0093c9dc) Importer(815301076,1909f56bfc062723c751e8b465ee728b) (PreviewImporter) -> (artifact id: 'ec9528c249f103bb12b29765e343cb82') in 0.003370208 seconds
Number of updated asset objects reloaded before import = 0Number of asset objects unloaded after import = 2

========================================================================
Received Import Request.
  Time since last request: 0.000042 seconds.
  path: Assets/Assets/Characters/Main Character/Knight/Colour1/NoOutline/120x80_gifs/__CrouchWalk.gif
  artifactKey: Guid(c0f6c39aa7a124ac7bafa2fcb2453c6f) Importer(815301076,1909f56bfc062723c751e8b465ee728b)
Start importing Assets/Assets/Characters/Main Character/Knight/Colour1/NoOutline/120x80_gifs/__CrouchWalk.gif using Guid(c0f6c39aa7a124ac7bafa2fcb2453c6f) Importer(815301076,1909f56bfc062723c751e8b465ee728b) (PreviewImporter) -> (artifact id: 'bc60384f525b8d88f962652288ee9aa5') in 0.003414542 seconds
Number of updated asset objects reloaded before import = 0Number of asset objects unloaded after import = 2

========================================================================
Received Import Request.
  Time since last request: 0.000038 seconds.
  path: Assets/Assets/Characters/Main Character/Knight/Colour1/NoOutline/120x80_gifs/__Slide.gif
  artifactKey: Guid(2d7f1257574eb47e3b6f222afe8800a9) Importer(815301076,1909f56bfc062723c751e8b465ee728b)
Start importing Assets/Assets/Characters/Main Character/Knight/Colour1/NoOutline/120x80_gifs/__Slide.gif using Guid(2d7f1257574eb47e3b6f222afe8800a9) Importer(815301076,1909f56bfc062723c751e8b465ee728b) (PreviewImporter) -> (artifact id: '373cdf36ff8f1ef13daead49b37b738a') in 0.003743417 seconds
Number of updated asset objects reloaded before import = 0Number of asset objects unloaded after import = 2

========================================================================
Received Import Request.
  Time since last request: 0.000037 seconds.
  path: Assets/Assets/Characters/Main Character/Knight/Colour1/NoOutline/120x80_gifs/__SlideAll.gif
  artifactKey: Guid(6e8d5a10b12c34a19a2e902f2bfa756d) Importer(815301076,1909f56bfc062723c751e8b465ee728b)
Start importing Assets/Assets/Characters/Main Character/Knight/Colour1/NoOutline/120x80_gifs/__SlideAll.gif using Guid(6e8d5a10b12c34a19a2e902f2bfa756d) Importer(815301076,1909f56bfc062723c751e8b465ee728b) (PreviewImporter) -> (artifact id: '6251be2be3240ea8155693daef07056c') in 0.003194042 seconds
Number of updated asset objects reloaded before import = 0Number of asset objects unloaded after import = 2

========================================================================
Received Import Request.
  Time since last request: 0.000055 seconds.
  path: Assets/Assets/Characters/Main Character/Knight/Colour1/NoOutline/120x80_gifs/__Fall.gif
  artifactKey: Guid(bc499552d617349e598ac3f82f317d38) Importer(815301076,1909f56bfc062723c751e8b465ee728b)
Start importing Assets/Assets/Characters/Main Character/Knight/Colour1/NoOutline/120x80_gifs/__Fall.gif using Guid(bc499552d617349e598ac3f82f317d38) Importer(815301076,1909f56bfc062723c751e8b465ee728b) (PreviewImporter) -> (artifact id: 'fb7eaa70b1c02298af13802bdf414353') in 0.003242 seconds
Number of updated asset objects reloaded before import = 0Number of asset objects unloaded after import = 2

========================================================================
Received Import Request.
  Time since last request: 0.000047 seconds.
  path: Assets/Assets/Characters/Main Character/Knight/Colour1/NoOutline/120x80_gifs/__AttackNoMovement.gif
  artifactKey: Guid(eaa313de9f6fa48ea8c57b16456f2beb) Importer(815301076,1909f56bfc062723c751e8b465ee728b)
Start importing Assets/Assets/Characters/Main Character/Knight/Colour1/NoOutline/120x80_gifs/__AttackNoMovement.gif using Guid(eaa313de9f6fa48ea8c57b16456f2beb) Importer(815301076,1909f56bfc062723c751e8b465ee728b) (PreviewImporter) -> (artifact id: 'd4d4ba53a7df006acdc71eb4efe8ce93') in 0.007916041 seconds
Number of updated asset objects reloaded before import = 0Number of asset objects unloaded after import = 2

========================================================================
Received Import Request.
  Time since last request: 0.000080 seconds.
  path: Assets/Assets/Characters/Main Character/Knight/Colour1/NoOutline/120x80_gifs/__SlideTransitionStart.gif
  artifactKey: Guid(69383e0ab761442e89b64b0766a967e7) Importer(815301076,1909f56bfc062723c751e8b465ee728b)
Start importing Assets/Assets/Characters/Main Character/Knight/Colour1/NoOutline/120x80_gifs/__SlideTransitionStart.gif using Guid(69383e0ab761442e89b64b0766a967e7) Importer(815301076,1909f56bfc062723c751e8b465ee728b) (PreviewImporter) -> (artifact id: '0d6f322dfba7dc6c11f8d9cddd329351') in 0.0032585 seconds
Number of updated asset objects reloaded before import = 0Number of asset objects unloaded after import = 2

========================================================================
Received Import Request.
  Time since last request: 0.000071 seconds.
  path: Assets/Assets/Characters/Main Character/Knight/Colour1/NoOutline/120x80_gifs/__Hit.gif
  artifactKey: Guid(009322fe3e30c4aeda44acef94b951ae) Importer(815301076,1909f56bfc062723c751e8b465ee728b)
Start importing Assets/Assets/Characters/Main Character/Knight/Colour1/NoOutline/120x80_gifs/__Hit.gif using Guid(009322fe3e30c4aeda44acef94b951ae) Importer(815301076,1909f56bfc062723c751e8b465ee728b) (PreviewImporter) -> (artifact id: 'f92cc3cc99e994329d00dab8f849f40f') in 0.003090792 seconds
Number of updated asset objects reloaded before import = 0Number of asset objects unloaded after import = 2

========================================================================
Received Import Request.
  Time since last request: 0.000045 seconds.
  path: Assets/Assets/Characters/Main Character/Knight/Colour1/NoOutline/120x80_gifs/__Roll.gif
  artifactKey: Guid(f0841cb7eb6064939b5db4b90d49c6e3) Importer(815301076,1909f56bfc062723c751e8b465ee728b)
Start importing Assets/Assets/Characters/Main Character/Knight/Colour1/NoOutline/120x80_gifs/__Roll.gif using Guid(f0841cb7eb6064939b5db4b90d49c6e3) Importer(815301076,1909f56bfc062723c751e8b465ee728b) (PreviewImporter) -> (artifact id: '02cc3aef651ae1616751e8abd3b9a538') in 0.003345042 seconds
Number of updated asset objects reloaded before import = 0Number of asset objects unloaded after import = 2

========================================================================
Received Import Request.
  Time since last request: 0.000078 seconds.
  path: Assets/Assets/Characters/Main Character/Knight/Colour1/NoOutline/120x80_gifs/__CrouchTransition.gif
  artifactKey: Guid(1d7bc9c2fc4c04a7f8434ad7a07a39a0) Importer(815301076,1909f56bfc062723c751e8b465ee728b)
Start importing Assets/Assets/Characters/Main Character/Knight/Colour1/NoOutline/120x80_gifs/__CrouchTransition.gif using Guid(1d7bc9c2fc4c04a7f8434ad7a07a39a0) Importer(815301076,1909f56bfc062723c751e8b465ee728b) (PreviewImporter) -> (artifact id: '99c9e69c9ce4ffd5e0baa0d99c6576bd') in 0.004783417 seconds
Number of updated asset objects reloaded before import = 0Number of asset objects unloaded after import = 2

========================================================================
Received Import Request.
  Time since last request: 0.000049 seconds.
  path: Assets/Assets/Characters/Main Character/Knight/Colour1/NoOutline/120x80_gifs/__CrouchAttack.gif
  artifactKey: Guid(9ffca843316b4444a90ddadfbb371a8d) Importer(815301076,1909f56bfc062723c751e8b465ee728b)
Start importing Assets/Assets/Characters/Main Character/Knight/Colour1/NoOutline/120x80_gifs/__CrouchAttack.gif using Guid(9ffca843316b4444a90ddadfbb371a8d) Importer(815301076,1909f56bfc062723c751e8b465ee728b) (PreviewImporter) -> (artifact id: '725a3b7b37c2af7cef52daf50ce71188') in 0.004017667 seconds
Number of updated asset objects reloaded before import = 0Number of asset objects unloaded after import = 2

========================================================================
Received Import Request.
  Time since last request: 0.000057 seconds.
  path: Assets/Assets/Characters/Main Character/Knight/Colour1/NoOutline/120x80_gifs/__AttackComboNoMovement.gif
  artifactKey: Guid(d11f285ed61434799b77aca105a9b63e) Importer(815301076,1909f56bfc062723c751e8b465ee728b)
Start importing Assets/Assets/Characters/Main Character/Knight/Colour1/NoOutline/120x80_gifs/__AttackComboNoMovement.gif using Guid(d11f285ed61434799b77aca105a9b63e) Importer(815301076,1909f56bfc062723c751e8b465ee728b) (PreviewImporter) -> (artifact id: 'bbd9ee2e872000d506df5c4869be06a3') in 0.003389792 seconds
Number of updated asset objects reloaded before import = 0Number of asset objects unloaded after import = 2

========================================================================
Received Import Request.
  Time since last request: 3.538273 seconds.
  path: Assets/Assets/Characters/Main Character/Knight/Colour1/NoOutline/120x80_PNGSheets/_Attack2.png
  artifactKey: Guid(64b9f1f7fe38d4c5283134715c129f2a) Importer(815301076,1909f56bfc062723c751e8b465ee728b)
Start importing Assets/Assets/Characters/Main Character/Knight/Colour1/NoOutline/120x80_PNGSheets/_Attack2.png using Guid(64b9f1f7fe38d4c5283134715c129f2a) Importer(815301076,1909f56bfc062723c751e8b465ee728b) (PreviewImporter) -> (artifact id: 'd76f181bf7b988694610fa049654d21a') in 0.047047791 seconds
Number of updated asset objects reloaded before import = 0Number of asset objects unloaded after import = 2

========================================================================
Received Import Request.
  Time since last request: 0.000068 seconds.
  path: Assets/Assets/Characters/Main Character/Knight/Colour1/NoOutline/120x80_PNGSheets/_CrouchFull.png
  artifactKey: Guid(07dcdcf31fa45490986f70e7f5ec1c10) Importer(815301076,1909f56bfc062723c751e8b465ee728b)
Start importing Assets/Assets/Characters/Main Character/Knight/Colour1/NoOutline/120x80_PNGSheets/_CrouchFull.png using Guid(07dcdcf31fa45490986f70e7f5ec1c10) Importer(815301076,1909f56bfc062723c751e8b465ee728b) (PreviewImporter) -> (artifact id: 'ad1f5d3671d1edc5128438dba9177d65') in 0.003759333 seconds
Number of updated asset objects reloaded before import = 0Number of asset objects unloaded after import = 2

========================================================================
Received Import Request.
  Time since last request: 0.000048 seconds.
  path: Assets/Assets/Characters/Main Character/Knight/Colour1/NoOutline/120x80_PNGSheets/_WallClimbNoMovement.png
  artifactKey: Guid(c2e003f18ed434c24b0e3aa6bf0d9f37) Importer(815301076,1909f56bfc062723c751e8b465ee728b)
Start importing Assets/Assets/Characters/Main Character/Knight/Colour1/NoOutline/120x80_PNGSheets/_WallClimbNoMovement.png using Guid(c2e003f18ed434c24b0e3aa6bf0d9f37) Importer(815301076,1909f56bfc062723c751e8b465ee728b) (PreviewImporter) -> (artifact id: 'd701a528c1a42d7a37bc2afddd00e35b') in 0.00599925 seconds
Number of updated asset objects reloaded before import = 0Number of asset objects unloaded after import = 2

========================================================================
Received Import Request.
  Time since last request: 0.000034 seconds.
  path: Assets/Assets/Characters/Main Character/Knight/Colour1/NoOutline/120x80_PNGSheets/_SlideTransitionEnd.png
  artifactKey: Guid(bcd4466e0a48c4a7db53f6435d005215) Importer(815301076,1909f56bfc062723c751e8b465ee728b)
Start importing Assets/Assets/Characters/Main Character/Knight/Colour1/NoOutline/120x80_PNGSheets/_SlideTransitionEnd.png using Guid(bcd4466e0a48c4a7db53f6435d005215) Importer(815301076,1909f56bfc062723c751e8b465ee728b) (PreviewImporter) -> (artifact id: 'b9ddd6701fe35c726fe03d699b8e6e00') in 0.003883333 seconds
Number of updated asset objects reloaded before import = 0Number of asset objects unloaded after import = 2

========================================================================
Received Import Request.
  Time since last request: 0.000049 seconds.
  path: Assets/Assets/Characters/Main Character/Knight/Colour1/NoOutline/120x80_PNGSheets/_Hit.png
  artifactKey: Guid(d2a71e3c1dfff4a88ada6ebe24b1a1fc) Importer(815301076,1909f56bfc062723c751e8b465ee728b)
Start importing Assets/Assets/Characters/Main Character/Knight/Colour1/NoOutline/120x80_PNGSheets/_Hit.png using Guid(d2a71e3c1dfff4a88ada6ebe24b1a1fc) Importer(815301076,1909f56bfc062723c751e8b465ee728b) (PreviewImporter) -> (artifact id: '29b73081f47952d1bbdfba400e01a571') in 0.006428167 seconds
Number of updated asset objects reloaded before import = 0Number of asset objects unloaded after import = 2

========================================================================
Received Import Request.
  Time since last request: 0.000050 seconds.
  path: Assets/Assets/Characters/Main Character/Knight/Colour1/NoOutline/120x80_PNGSheets/_Run.png
  artifactKey: Guid(1ee66584b5d7545a7abd4ea85f92e032) Importer(815301076,1909f56bfc062723c751e8b465ee728b)
Start importing Assets/Assets/Characters/Main Character/Knight/Colour1/NoOutline/120x80_PNGSheets/_Run.png using Guid(1ee66584b5d7545a7abd4ea85f92e032) Importer(815301076,1909f56bfc062723c751e8b465ee728b) (PreviewImporter) -> (artifact id: 'fa7ad7820a0296c110b4827a2ccfd725') in 0.003240333 seconds
Number of updated asset objects reloaded before import = 0Number of asset objects unloaded after import = 2

========================================================================
Received Import Request.
  Time since last request: 0.000049 seconds.
  path: Assets/Assets/Characters/Main Character/Knight/Colour1/NoOutline/120x80_PNGSheets/_AttackNoMovement.png
  artifactKey: Guid(10227a05b41c24575aa916eed9b046ab) Importer(815301076,1909f56bfc062723c751e8b465ee728b)
Start importing Assets/Assets/Characters/Main Character/Knight/Colour1/NoOutline/120x80_PNGSheets/_AttackNoMovement.png using Guid(10227a05b41c24575aa916eed9b046ab) Importer(815301076,1909f56bfc062723c751e8b465ee728b) (PreviewImporter) -> (artifact id: '3d2ffafecd7079b10e4a5f0468a4c4fa') in 0.005454417 seconds
Number of updated asset objects reloaded before import = 0Number of asset objects unloaded after import = 2

========================================================================
Received Import Request.
  Time since last request: 0.000050 seconds.
  path: Assets/Assets/Characters/Main Character/Knight/Colour1/NoOutline/120x80_PNGSheets/_DeathNoMovement.png
  artifactKey: Guid(55509684910c34814b3404b25726d5ea) Importer(815301076,1909f56bfc062723c751e8b465ee728b)
Start importing Assets/Assets/Characters/Main Character/Knight/Colour1/NoOutline/120x80_PNGSheets/_DeathNoMovement.png using Guid(55509684910c34814b3404b25726d5ea) Importer(815301076,1909f56bfc062723c751e8b465ee728b) (PreviewImporter) -> (artifact id: '38b9d75eadc53b2692e57f79a77bbfc0') in 0.003489833 seconds
Number of updated asset objects reloaded before import = 0Number of asset objects unloaded after import = 2

========================================================================
Received Import Request.
  Time since last request: 0.000052 seconds.
  path: Assets/Assets/Characters/Main Character/Knight/Colour1/NoOutline/120x80_PNGSheets/_Fall.png
  artifactKey: Guid(4a7029a9a7dd64ddfa9667f7c394af9e) Importer(815301076,1909f56bfc062723c751e8b465ee728b)
Start importing Assets/Assets/Characters/Main Character/Knight/Colour1/NoOutline/120x80_PNGSheets/_Fall.png using Guid(4a7029a9a7dd64ddfa9667f7c394af9e) Importer(815301076,1909f56bfc062723c751e8b465ee728b) (PreviewImporter) -> (artifact id: '9e32a6ded3921fcaf0e751d0312d267e') in 0.004681958 seconds
Number of updated asset objects reloaded before import = 0Number of asset objects unloaded after import = 2

========================================================================
Received Import Request.
  Time since last request: 0.000087 seconds.
  path: Assets/Assets/Characters/Main Character/Knight/Colour1/NoOutline/120x80_PNGSheets/_WallClimb.png
  artifactKey: Guid(016cdb161653d43daa8282f8a1eb9a9e) Importer(815301076,1909f56bfc062723c751e8b465ee728b)
Start importing Assets/Assets/Characters/Main Character/Knight/Colour1/NoOutline/120x80_PNGSheets/_WallClimb.png using Guid(016cdb161653d43daa8282f8a1eb9a9e) Importer(815301076,1909f56bfc062723c751e8b465ee728b) (PreviewImporter) -> (artifact id: '299656d940ac7561dd0efcb5d22b5923') in 0.004591125 seconds
Number of updated asset objects reloaded before import = 0Number of asset objects unloaded after import = 2

========================================================================
Received Import Request.
  Time since last request: 0.000047 seconds.
  path: Assets/Assets/Characters/Main Character/Knight/Colour1/NoOutline/120x80_PNGSheets/_Death.png
  artifactKey: Guid(101010b07947d45919ba8af1aa9c70ef) Importer(815301076,1909f56bfc062723c751e8b465ee728b)
Start importing Assets/Assets/Characters/Main Character/Knight/Colour1/NoOutline/120x80_PNGSheets/_Death.png using Guid(101010b07947d45919ba8af1aa9c70ef) Importer(815301076,1909f56bfc062723c751e8b465ee728b) (PreviewImporter) -> (artifact id: '8da11a5ef113bd0ac8b9382a166f0f38') in 0.00365025 seconds
Number of updated asset objects reloaded before import = 0Number of asset objects unloaded after import = 2

========================================================================
Received Import Request.
  Time since last request: 0.000049 seconds.
  path: Assets/Assets/Characters/Main Character/Knight/Colour1/NoOutline/120x80_PNGSheets/_Idle.png
  artifactKey: Guid(c78547d0ea612409d9dc5040e8cf4179) Importer(815301076,1909f56bfc062723c751e8b465ee728b)
Start importing Assets/Assets/Characters/Main Character/Knight/Colour1/NoOutline/120x80_PNGSheets/_Idle.png using Guid(c78547d0ea612409d9dc5040e8cf4179) Importer(815301076,1909f56bfc062723c751e8b465ee728b) (PreviewImporter) -> (artifact id: '395aebef6258a4349d1e645d217e129e') in 0.003691208 seconds
Number of updated asset objects reloaded before import = 0Number of asset objects unloaded after import = 2

========================================================================
Received Import Request.
  Time since last request: 0.000038 seconds.
  path: Assets/Assets/Characters/Main Character/Knight/Colour1/NoOutline/120x80_PNGSheets/_AttackComboNoMovement.png
  artifactKey: Guid(b39d497f5cb784be1ae77f4b7066f539) Importer(815301076,1909f56bfc062723c751e8b465ee728b)
Start importing Assets/Assets/Characters/Main Character/Knight/Colour1/NoOutline/120x80_PNGSheets/_AttackComboNoMovement.png using Guid(b39d497f5cb784be1ae77f4b7066f539) Importer(815301076,1909f56bfc062723c751e8b465ee728b) (PreviewImporter) -> (artifact id: 'b7d1767f96ddfddfe46099053aecda01') in 0.003321208 seconds
Number of updated asset objects reloaded before import = 0Number of asset objects unloaded after import = 2

========================================================================
Received Import Request.
  Time since last request: 0.000038 seconds.
  path: Assets/Assets/Characters/Main Character/Knight/Colour1/NoOutline/120x80_PNGSheets/_CrouchAttack.png
  artifactKey: Guid(6309034d7c2b84dbc96400a41a9213c1) Importer(815301076,1909f56bfc062723c751e8b465ee728b)
Start importing Assets/Assets/Characters/Main Character/Knight/Colour1/NoOutline/120x80_PNGSheets/_CrouchAttack.png using Guid(6309034d7c2b84dbc96400a41a9213c1) Importer(815301076,1909f56bfc062723c751e8b465ee728b) (PreviewImporter) -> (artifact id: 'c781005c3da48dc81bc7ccae2ccdba31') in 0.003568416 seconds
Number of updated asset objects reloaded before import = 0Number of asset objects unloaded after import = 2

========================================================================
Received Import Request.
  Time since last request: 0.000049 seconds.
  path: Assets/Assets/Characters/Main Character/Knight/Colour1/NoOutline/120x80_PNGSheets/_JumpFallInbetween.png
  artifactKey: Guid(ffbf038154cd341098518438f968bd19) Importer(815301076,1909f56bfc062723c751e8b465ee728b)
Start importing Assets/Assets/Characters/Main Character/Knight/Colour1/NoOutline/120x80_PNGSheets/_JumpFallInbetween.png using Guid(ffbf038154cd341098518438f968bd19) Importer(815301076,1909f56bfc062723c751e8b465ee728b) (PreviewImporter) -> (artifact id: '2660f9d79a42f249154f722e931f828a') in 0.004548083 seconds
Number of updated asset objects reloaded before import = 0Number of asset objects unloaded after import = 2

========================================================================
Received Import Request.
  Time since last request: 7.882329 seconds.
  path: Assets/Assets/Characters/Main Character/Knight/Colour2/NoOutline/120x80_PNGSheets/_Attack2NoMovement.png
  artifactKey: Guid(933ff5a9bd48f4b399306aa2e6a27f1d) Importer(815301076,1909f56bfc062723c751e8b465ee728b)
Start importing Assets/Assets/Characters/Main Character/Knight/Colour2/NoOutline/120x80_PNGSheets/_Attack2NoMovement.png using Guid(933ff5a9bd48f4b399306aa2e6a27f1d) Importer(815301076,1909f56bfc062723c751e8b465ee728b) (PreviewImporter) -> (artifact id: '523a60e0d41d59a1fb3cf4d4e510a830') in 0.004351542 seconds
Number of updated asset objects reloaded before import = 0Number of asset objects unloaded after import = 2

========================================================================
Received Import Request.
  Time since last request: 0.000054 seconds.
  path: Assets/Assets/Characters/Main Character/Knight/Colour2/NoOutline/120x80_PNGSheets/_WallClimbNoMovement.png
  artifactKey: Guid(c2f422bd4b16145ba9cd77d15c00acb8) Importer(815301076,1909f56bfc062723c751e8b465ee728b)
Start importing Assets/Assets/Characters/Main Character/Knight/Colour2/NoOutline/120x80_PNGSheets/_WallClimbNoMovement.png using Guid(c2f422bd4b16145ba9cd77d15c00acb8) Importer(815301076,1909f56bfc062723c751e8b465ee728b) (PreviewImporter) -> (artifact id: 'a0a2d7c2d1b8c8999ff527fa3cb8ae0c') in 0.005124833 seconds
Number of updated asset objects reloaded before import = 0Number of asset objects unloaded after import = 2

========================================================================
Received Import Request.
  Time since last request: 0.000270 seconds.
  path: Assets/Assets/Characters/Main Character/Knight/Colour2/NoOutline/120x80_PNGSheets/_Death.png
  artifactKey: Guid(9323b2b20a5fa4fa4a8395c91f827a19) Importer(815301076,1909f56bfc062723c751e8b465ee728b)
Start importing Assets/Assets/Characters/Main Character/Knight/Colour2/NoOutline/120x80_PNGSheets/_Death.png using Guid(9323b2b20a5fa4fa4a8395c91f827a19) Importer(815301076,1909f56bfc062723c751e8b465ee728b) (PreviewImporter) -> (artifact id: 'bf9f695c8f4da87970d50971abb2a3aa') in 0.004083 seconds
Number of updated asset objects reloaded before import = 0Number of asset objects unloaded after import = 2

========================================================================
Received Import Request.
  Time since last request: 0.000255 seconds.
  path: Assets/Assets/Characters/Main Character/Knight/Colour2/NoOutline/120x80_PNGSheets/_CrouchAll.png
  artifactKey: Guid(031b1886f9cf4441dbe6599f38884560) Importer(815301076,1909f56bfc062723c751e8b465ee728b)
Start importing Assets/Assets/Characters/Main Character/Knight/Colour2/NoOutline/120x80_PNGSheets/_CrouchAll.png using Guid(031b1886f9cf4441dbe6599f38884560) Importer(815301076,1909f56bfc062723c751e8b465ee728b) (PreviewImporter) -> (artifact id: '9cae8ad900fb28e4934c62c87688f3c9') in 0.005991917 seconds
Number of updated asset objects reloaded before import = 0Number of asset objects unloaded after import = 2

========================================================================
Received Import Request.
  Time since last request: 0.000172 seconds.
  path: Assets/Assets/Characters/Main Character/Knight/Colour2/NoOutline/120x80_PNGSheets/_WallClimb.png
  artifactKey: Guid(536d8ec1148034618904b7729e48fd43) Importer(815301076,1909f56bfc062723c751e8b465ee728b)
Start importing Assets/Assets/Characters/Main Character/Knight/Colour2/NoOutline/120x80_PNGSheets/_WallClimb.png using Guid(536d8ec1148034618904b7729e48fd43) Importer(815301076,1909f56bfc062723c751e8b465ee728b) (PreviewImporter) -> (artifact id: 'a6e02acd68ec496daef02b1e06e7d210') in 0.005517084 seconds
Number of updated asset objects reloaded before import = 0Number of asset objects unloaded after import = 2

========================================================================
Received Import Request.
  Time since last request: 0.000051 seconds.
  path: Assets/Assets/Characters/Main Character/Knight/Colour2/NoOutline/120x80_PNGSheets/_SlideAll.png
  artifactKey: Guid(e6f369c766c674d25b25714608b1137a) Importer(815301076,1909f56bfc062723c751e8b465ee728b)
Start importing Assets/Assets/Characters/Main Character/Knight/Colour2/NoOutline/120x80_PNGSheets/_SlideAll.png using Guid(e6f369c766c674d25b25714608b1137a) Importer(815301076,1909f56bfc062723c751e8b465ee728b) (PreviewImporter) -> (artifact id: 'c19ba17c8d7fe867a9beb813a074bfa7') in 0.004140625 seconds
Number of updated asset objects reloaded before import = 0Number of asset objects unloaded after import = 2

========================================================================
Received Import Request.
  Time since last request: 0.000053 seconds.
  path: Assets/Assets/Characters/Main Character/Knight/Colour2/NoOutline/120x80_PNGSheets/_AttackNoMovement.png
  artifactKey: Guid(d39e0e25f5b164e9a94f1be0905cbb9d) Importer(815301076,1909f56bfc062723c751e8b465ee728b)
Start importing Assets/Assets/Characters/Main Character/Knight/Colour2/NoOutline/120x80_PNGSheets/_AttackNoMovement.png using Guid(d39e0e25f5b164e9a94f1be0905cbb9d) Importer(815301076,1909f56bfc062723c751e8b465ee728b) (PreviewImporter) -> (artifact id: '819d0f122fd2f5286231da10df7baf8d') in 0.003509833 seconds
Number of updated asset objects reloaded before import = 0Number of asset objects unloaded after import = 2

Editor requested this worker to shutdown with reason: Scaling down because of idle timeout
AssetImportWorkerClient::OnTransportError - code=2 error=End of file
AssetImportWorker is now disconnected from the server
Process exiting
